INFO - 2023-10-19 03:56:58 --> Session: Class initialized using 'CodeIgniter\Session\Handlers\FileHandler' driver.
INFO - 2023-10-19 03:56:59 --> Session: Class initialized using 'CodeIgniter\Session\Handlers\FileHandler' driver.
INFO - 2023-10-19 03:57:13 --> Session: Class initialized using 'CodeIgniter\Session\Handlers\FileHandler' driver.
INFO - 2023-10-19 03:57:13 --> Session: Class initialized using 'CodeIgniter\Session\Handlers\FileHandler' driver.
INFO - 2023-10-19 03:58:03 --> Session: Class initialized using 'CodeIgniter\Session\Handlers\FileHandler' driver.
INFO - 2023-10-19 04:04:36 --> Session: Class initialized using 'CodeIgniter\Session\Handlers\FileHandler' driver.
ERROR - 2023-10-19 04:04:36 --> mysqli_sql_exception: Unknown column 'subdistricts.subdis_name' in 'field list' in H:\setyo project\rumahku\vendor\codeigniter4\framework\system\Database\MySQLi\Connection.php:295
Stack trace:
#0 H:\setyo project\rumahku\vendor\codeigniter4\framework\system\Database\MySQLi\Connection.php(295): mysqli->query('SELECT `data_rt...', 0)
#1 H:\setyo project\rumahku\vendor\codeigniter4\framework\system\Database\BaseConnection.php(692): CodeIgniter\Database\MySQLi\Connection->execute('SELECT `data_rt...')
#2 H:\setyo project\rumahku\vendor\codeigniter4\framework\system\Database\BaseConnection.php(606): CodeIgniter\Database\BaseConnection->simpleQuery('SELECT `data_rt...')
#3 H:\setyo project\rumahku\vendor\codeigniter4\framework\system\Database\BaseBuilder.php(1616): CodeIgniter\Database\BaseConnection->query('SELECT `data_rt...', Array, false)
#4 H:\setyo project\rumahku\vendor\codeigniter4\framework\system\Model.php(241): CodeIgniter\Database\BaseBuilder->get()
#5 H:\setyo project\rumahku\vendor\codeigniter4\framework\system\BaseModel.php(618): CodeIgniter\Model->doFindAll(0, 0)
#6 H:\setyo project\rumahku\app\Controllers\Rt.php(38): CodeIgniter\BaseModel->findAll()
#7 H:\setyo project\rumahku\vendor\codeigniter4\framework\system\CodeIgniter.php(932): App\Controllers\Rt->index()
#8 H:\setyo project\rumahku\vendor\codeigniter4\framework\system\CodeIgniter.php(497): CodeIgniter\CodeIgniter->runController(Object(App\Controllers\Rt))
#9 H:\setyo project\rumahku\vendor\codeigniter4\framework\system\CodeIgniter.php(366): CodeIgniter\CodeIgniter->handleRequest(NULL, Object(Config\Cache), false)
#10 H:\setyo project\rumahku\public\index.php(67): CodeIgniter\CodeIgniter->run()
#11 H:\setyo project\rumahku\vendor\codeigniter4\framework\system\Commands\Server\rewrite.php(47): require_once('H:\\setyo projec...')
#12 {main}
CRITICAL - 2023-10-19 04:04:36 --> Unknown column 'subdistricts.subdis_name' in 'field list'
in SYSTEMPATH\Database\MySQLi\Connection.php on line 295.
 1 SYSTEMPATH\Database\MySQLi\Connection.php(295): mysqli->query('SELECT `data_rt`.*, `provinces`.`prov_name`, `cities`.`city_name`, `districts`.`dis_name`, `subdistricts`.`subdis_name`
FROM `data_rt`
JOIN `provinces` ON `data_rt`.`prov_id` = `provinces`.`prov_id`
JOIN `cities` ON `data_rt`.`city_id` = `cities`.`city_id`
JOIN `districts` ON `data_rt`.`dis_id` = `districts`.`dis_id`
GROUP BY `provinces`.`prov_name`, `cities`.`city_name`, `districts`.`dis_name`', 0)
 2 SYSTEMPATH\Database\BaseConnection.php(692): CodeIgniter\Database\MySQLi\Connection->execute('SELECT `data_rt`.*, `provinces`.`prov_name`, `cities`.`city_name`, `districts`.`dis_name`, `subdistricts`.`subdis_name`
FROM `data_rt`
JOIN `provinces` ON `data_rt`.`prov_id` = `provinces`.`prov_id`
JOIN `cities` ON `data_rt`.`city_id` = `cities`.`city_id`
JOIN `districts` ON `data_rt`.`dis_id` = `districts`.`dis_id`
GROUP BY `provinces`.`prov_name`, `cities`.`city_name`, `districts`.`dis_name`')
 3 SYSTEMPATH\Database\BaseConnection.php(606): CodeIgniter\Database\BaseConnection->simpleQuery('SELECT `data_rt`.*, `provinces`.`prov_name`, `cities`.`city_name`, `districts`.`dis_name`, `subdistricts`.`subdis_name`
FROM `data_rt`
JOIN `provinces` ON `data_rt`.`prov_id` = `provinces`.`prov_id`
JOIN `cities` ON `data_rt`.`city_id` = `cities`.`city_id`
JOIN `districts` ON `data_rt`.`dis_id` = `districts`.`dis_id`
GROUP BY `provinces`.`prov_name`, `cities`.`city_name`, `districts`.`dis_name`')
 4 SYSTEMPATH\Database\BaseBuilder.php(1616): CodeIgniter\Database\BaseConnection->query('SELECT `data_rt`.*, `provinces`.`prov_name`, `cities`.`city_name`, `districts`.`dis_name`, `subdistricts`.`subdis_name`
FROM `data_rt`
JOIN `provinces` ON `data_rt`.`prov_id` = `provinces`.`prov_id`
JOIN `cities` ON `data_rt`.`city_id` = `cities`.`city_id`
JOIN `districts` ON `data_rt`.`dis_id` = `districts`.`dis_id`
GROUP BY `provinces`.`prov_name`, `cities`.`city_name`, `districts`.`dis_name`', [], false)
 5 SYSTEMPATH\Model.php(241): CodeIgniter\Database\BaseBuilder->get()
 6 SYSTEMPATH\BaseModel.php(618): CodeIgniter\Model->doFindAll(0, 0)
 7 APPPATH\Controllers\Rt.php(38): CodeIgniter\BaseModel->findAll()
 8 SYSTEMPATH\CodeIgniter.php(932): App\Controllers\Rt->index()
 9 SYSTEMPATH\CodeIgniter.php(497): CodeIgniter\CodeIgniter->runController(Object(App\Controllers\Rt))
10 SYSTEMPATH\CodeIgniter.php(366): CodeIgniter\CodeIgniter->handleRequest(null, Object(Config\Cache), false)
11 FCPATH\index.php(67): CodeIgniter\CodeIgniter->run()
12 SYSTEMPATH\Commands\Server\rewrite.php(47): require_once('H:\\setyo project\\rumahku\\public\\index.php')
INFO - 2023-10-19 04:05:04 --> Session: Class initialized using 'CodeIgniter\Session\Handlers\FileHandler' driver.
INFO - 2023-10-19 04:05:15 --> Session: Class initialized using 'CodeIgniter\Session\Handlers\FileHandler' driver.
INFO - 2023-10-19 04:05:55 --> Session: Class initialized using 'CodeIgniter\Session\Handlers\FileHandler' driver.
INFO - 2023-10-19 04:07:37 --> Session: Class initialized using 'CodeIgniter\Session\Handlers\FileHandler' driver.
INFO - 2023-10-19 04:10:05 --> Session: Class initialized using 'CodeIgniter\Session\Handlers\FileHandler' driver.
INFO - 2023-10-19 04:10:12 --> Session: Class initialized using 'CodeIgniter\Session\Handlers\FileHandler' driver.
INFO - 2023-10-19 04:10:32 --> Session: Class initialized using 'CodeIgniter\Session\Handlers\FileHandler' driver.
INFO - 2023-10-19 04:10:41 --> Session: Class initialized using 'CodeIgniter\Session\Handlers\FileHandler' driver.
INFO - 2023-10-19 04:12:48 --> Session: Class initialized using 'CodeIgniter\Session\Handlers\FileHandler' driver.
INFO - 2023-10-19 04:13:03 --> Session: Class initialized using 'CodeIgniter\Session\Handlers\FileHandler' driver.
INFO - 2023-10-19 04:13:07 --> Session: Class initialized using 'CodeIgniter\Session\Handlers\FileHandler' driver.
INFO - 2023-10-19 04:13:31 --> Session: Class initialized using 'CodeIgniter\Session\Handlers\FileHandler' driver.
INFO - 2023-10-19 04:18:17 --> Session: Class initialized using 'CodeIgniter\Session\Handlers\FileHandler' driver.
INFO - 2023-10-19 04:18:19 --> Session: Class initialized using 'CodeIgniter\Session\Handlers\FileHandler' driver.
INFO - 2023-10-19 04:18:23 --> Session: Class initialized using 'CodeIgniter\Session\Handlers\FileHandler' driver.
INFO - 2023-10-19 04:18:24 --> Session: Class initialized using 'CodeIgniter\Session\Handlers\FileHandler' driver.
INFO - 2023-10-19 04:18:26 --> Session: Class initialized using 'CodeIgniter\Session\Handlers\FileHandler' driver.
INFO - 2023-10-19 04:18:29 --> Session: Class initialized using 'CodeIgniter\Session\Handlers\FileHandler' driver.
INFO - 2023-10-19 04:18:30 --> Session: Class initialized using 'CodeIgniter\Session\Handlers\FileHandler' driver.
INFO - 2023-10-19 04:18:31 --> Session: Class initialized using 'CodeIgniter\Session\Handlers\FileHandler' driver.
INFO - 2023-10-19 04:18:32 --> Session: Class initialized using 'CodeIgniter\Session\Handlers\FileHandler' driver.
